{"/home/frontend001/Desktop/work/webpack2-react/src/components/Button/button.jsx": {"path":"/home/frontend001/Desktop/work/webpack2-react/src/components/Button/button.jsx","statementMap":{"0":{"start":{"line":9,"column":4},"end":{"line":9,"column":17}},"1":{"start":{"line":13,"column":4},"end":{"line":13,"column":63}},"2":{"start":{"line":17,"column":4},"end":{"line":17,"column":25}},"3":{"start":{"line":21,"column":81},"end":{"line":21,"column":91}},"4":{"start":{"line":22,"column":18},"end":{"line":22,"column":72}},"5":{"start":{"line":24,"column":4},"end":{"line":35,"column":8}},"6":{"start":{"line":40,"column":0},"end":{"line":45,"column":2}},"7":{"start":{"line":47,"column":0},"end":{"line":49,"column":2}}},"fnMap":{"0":{"name":"(anonymous_0)","decl":{"start":{"line":8,"column":2},"end":{"line":8,"column":3}},"loc":{"start":{"line":8,"column":21},"end":{"line":10,"column":3}},"line":8},"1":{"name":"(anonymous_1)","decl":{"start":{"line":12,"column":2},"end":{"line":12,"column":3}},"loc":{"start":{"line":12,"column":45},"end":{"line":14,"column":3}},"line":12},"2":{"name":"(anonymous_2)","decl":{"start":{"line":16,"column":2},"end":{"line":16,"column":3}},"loc":{"start":{"line":16,"column":22},"end":{"line":18,"column":3}},"line":16},"3":{"name":"(anonymous_3)","decl":{"start":{"line":20,"column":2},"end":{"line":20,"column":3}},"loc":{"start":{"line":20,"column":10},"end":{"line":36,"column":3}},"line":20}},"branchMap":{"0":{"loc":{"start":{"line":13,"column":11},"end":{"line":13,"column":62}},"type":"binary-expr","locations":[{"start":{"line":13,"column":11},"end":{"line":13,"column":34}},{"start":{"line":13,"column":38},"end":{"line":13,"column":62}}],"line":13},"1":{"loc":{"start":{"line":17,"column":4},"end":{"line":17,"column":24}},"type":"binary-expr","locations":[{"start":{"line":17,"column":4},"end":{"line":17,"column":11}},{"start":{"line":17,"column":15},"end":{"line":17,"column":24}}],"line":17},"2":{"loc":{"start":{"line":21,"column":15},"end":{"line":21,"column":30}},"type":"default-arg","locations":[{"start":{"line":21,"column":22},"end":{"line":21,"column":30}}],"line":21},"3":{"loc":{"start":{"line":28,"column":34},"end":{"line":28,"column":60}},"type":"cond-expr","locations":[{"start":{"line":28,"column":41},"end":{"line":28,"column":55}},{"start":{"line":28,"column":58},"end":{"line":28,"column":60}}],"line":28}},"s":{"0":0,"1":0,"2":0,"3":0,"4":0,"5":0,"6":1,"7":1},"f":{"0":0,"1":0,"2":0,"3":0},"b":{"0":[0,0],"1":[0,0],"2":[0],"3":[0,0]},"_coverageSchema":"332fd63041d2c1bcb487cc26dd0d5f7d97098a6c","hash":"5299028eb5e90e1421f15da6522db317571a95c2"}
,"/home/frontend001/Desktop/work/webpack2-react/src/utils/classnames.js": {"path":"/home/frontend001/Desktop/work/webpack2-react/src/utils/classnames.js","statementMap":{"0":{"start":{"line":2,"column":19},"end":{"line":11,"column":1}},"1":{"start":{"line":3,"column":12},"end":{"line":3,"column":33}},"2":{"start":{"line":4,"column":17},"end":{"line":4,"column":19}},"3":{"start":{"line":5,"column":1},"end":{"line":9,"column":4}},"4":{"start":{"line":6,"column":2},"end":{"line":8,"column":7}},"5":{"start":{"line":7,"column":8},"end":{"line":7,"column":35}},"6":{"start":{"line":10,"column":2},"end":{"line":10,"column":31}}},"fnMap":{"0":{"name":"(anonymous_0)","decl":{"start":{"line":2,"column":19},"end":{"line":2,"column":20}},"loc":{"start":{"line":2,"column":41},"end":{"line":11,"column":1}},"line":2},"1":{"name":"(anonymous_1)","decl":{"start":{"line":5,"column":14},"end":{"line":5,"column":15}},"loc":{"start":{"line":5,"column":24},"end":{"line":9,"column":2}},"line":5}},"branchMap":{"0":{"loc":{"start":{"line":6,"column":2},"end":{"line":8,"column":7}},"type":"if","locations":[{"start":{"line":6,"column":2},"end":{"line":8,"column":7}},{"start":{"line":6,"column":2},"end":{"line":8,"column":7}}],"line":6}},"s":{"0":1,"1":0,"2":0,"3":0,"4":0,"5":0,"6":0},"f":{"0":0,"1":0},"b":{"0":[0,0]},"_coverageSchema":"332fd63041d2c1bcb487cc26dd0d5f7d97098a6c","hash":"c555120b3515551eb910314942a71f05ff191195"}
,"/home/frontend001/Desktop/work/webpack2-react/test/css-null-compiler.js": {"path":"/home/frontend001/Desktop/work/webpack2-react/test/css-null-compiler.js","statementMap":{"0":{"start":{"line":2,"column":2},"end":{"line":2,"column":14}},"1":{"start":{"line":5,"column":0},"end":{"line":5,"column":35}},"2":{"start":{"line":6,"column":0},"end":{"line":6,"column":35}},"3":{"start":{"line":7,"column":0},"end":{"line":7,"column":34}}},"fnMap":{"0":{"name":"noop","decl":{"start":{"line":1,"column":9},"end":{"line":1,"column":13}},"loc":{"start":{"line":1,"column":16},"end":{"line":3,"column":1}},"line":1}},"branchMap":{},"s":{"0":0,"1":1,"2":1,"3":1},"f":{"0":0},"b":{},"_coverageSchema":"332fd63041d2c1bcb487cc26dd0d5f7d97098a6c","hash":"e2d4472480f621141a1878aa367f3257f3fdeff3"}
}
