TN:
SF:/home/frontend001/Desktop/work/webpack2-react/src/components/Button/button.jsx
FN:8,(anonymous_0)
FN:12,(anonymous_1)
FN:16,(anonymous_2)
FN:20,(anonymous_3)
FNF:4
FNH:0
FNDA:0,(anonymous_0)
FNDA:0,(anonymous_1)
FNDA:0,(anonymous_2)
FNDA:0,(anonymous_3)
DA:9,0
DA:13,0
DA:17,0
DA:21,0
DA:22,0
DA:24,0
DA:40,1
DA:47,1
LF:8
LH:2
BRDA:13,0,0,0
BRDA:13,0,1,0
BRDA:17,1,0,0
BRDA:17,1,1,0
BRDA:21,2,0,0
BRDA:28,3,0,0
BRDA:28,3,1,0
BRF:7
BRH:0
end_of_record
TN:
SF:/home/frontend001/Desktop/work/webpack2-react/src/utils/classnames.js
FN:2,(anonymous_0)
FN:5,(anonymous_1)
FNF:2
FNH:0
FNDA:0,(anonymous_0)
FNDA:0,(anonymous_1)
DA:2,1
DA:3,0
DA:4,0
DA:5,0
DA:6,0
DA:7,0
DA:10,0
LF:7
LH:1
BRDA:6,0,0,0
BRDA:6,0,1,0
BRF:2
BRH:0
end_of_record
TN:
SF:/home/frontend001/Desktop/work/webpack2-react/test/css-null-compiler.js
FN:1,noop
FNF:1
FNH:0
FNDA:0,noop
DA:2,0
DA:5,1
DA:6,1
DA:7,1
LF:4
LH:3
BRF:0
BRH:0
end_of_record
